# Reading RDC data 
# Reading 14 experimental data from exp_data/exp_rdc_loop_bme.dat 
# Reading 20100 calculated samples from calc_data/calc_rdc_loop_bme.dat 
# Using linear averaging 
Initialized uniform weights 20100
# Slope= -0.6984; Offset=  0.0000; r2=  0.6572 
CHI2: 20.53046 
RMSD: 6.79658 
VIOLATIONS: 9 
# Reading JCOUPLINGS data 
# Reading 56 experimental data from exp_data/exp_j3_bme.dat 
# Reading 20100 calculated samples from calc_data/calc_j3_bme.dat 
# Using linear averaging 
# Using no scaling 
CHI2: 3.20072 
RMSD: 2.69647 
VIOLATIONS: 23 
Lagrange multipliers initialized from zero
Optimizing 70 data and 20100 samples. Theta=23.000000 
CHI2 before optimization:   6.6667 
Execution time: 0.28 seconds
Minimization using L-BFGS-B successful (iterations:18)
CHI2 after optimization:   2.1753 
Fraction of effective frames:   0.2043 
